app/build/intermediates/manifest_merge_blame_file/debug/manifest-merger-blame-debug-report.txt
1<?xml version="1.0" encoding="utf-8"?>
2<manifest xmlns:android="http://schemas.android.com/apk/res/android"
3    package="com.obdmap.launcher"
4    android:versionCode="1"
5    android:versionName="0.1.0-fase0" >
6
7    <uses-sdk
8        android:minSdkVersion="24"
8-->src\main\AndroidManifest.xml
9        android:targetSdkVersion="28" />
9-->src\main\AndroidManifest.xml
10
11    <!-- Comunicación con el ELM327 vía Bluetooth clásico (SPP). -->
12    <uses-permission android:name="android.permission.BLUETOOTH" />
12-->src\main\AndroidManifest.xml:6:5-68
12-->src\main\AndroidManifest.xml:6:22-65
13    <!-- Necesario para listar dispositivos emparejados desde la pantalla de Ajustes. -->
14    <uses-permission android:name="android.permission.BLUETOOTH_ADMIN" />
14-->src\main\AndroidManifest.xml:8:5-74
14-->src\main\AndroidManifest.xml:8:22-71
15
16    <!-- GPS: la radio tiene receptor propio, accedemos vía LocationManager. -->
17    <uses-permission android:name="android.permission.ACCESS_FINE_LOCATION" />
17-->src\main\AndroidManifest.xml:11:5-79
17-->src\main\AndroidManifest.xml:11:22-76
18
19    <!-- Foreground Service para mantener la lectura OBD2 viva en segundo plano. -->
20    <uses-permission android:name="android.permission.FOREGROUND_SERVICE" />
20-->src\main\AndroidManifest.xml:14:5-77
20-->src\main\AndroidManifest.xml:14:22-74
21
22    <!-- WakeLock: evitar que la radio se duerma mientras se conduce. -->
23    <uses-permission android:name="android.permission.WAKE_LOCK" />
23-->src\main\AndroidManifest.xml:17:5-68
23-->src\main\AndroidManifest.xml:17:22-65
24
25    <!-- Lectura de tarjeta SD para los mapas .map y los grafos .ghz. -->
26    <uses-permission android:name="android.permission.READ_EXTERNAL_STORAGE" />
26-->src\main\AndroidManifest.xml:20:5-80
26-->src\main\AndroidManifest.xml:20:22-77
27
28    <!--
29        Iconos por defecto del sistema en Fase 0. Se generarán los mipmap propios
30        más adelante (Android Studio → New → Image Asset) y se reañadirán los
31        atributos android:icon y android:roundIcon.
32    -->
33    <application
33-->src\main\AndroidManifest.xml:27:5-55:19
34        android:allowBackup="false"
34-->src\main\AndroidManifest.xml:28:9-36
35        android:appComponentFactory="androidx.core.app.CoreComponentFactory"
35-->[androidx.core:core:1.3.0] AndroidManifest.xml:24:18-86
36        android:debuggable="true"
37        android:extractNativeLibs="false"
38        android:label="@string/app_name"
38-->src\main\AndroidManifest.xml:29:9-41
39        android:supportsRtl="false"
39-->src\main\AndroidManifest.xml:30:9-36
40        android:testOnly="true"
41        android:theme="@style/Theme.ObdMap" >
41-->src\main\AndroidManifest.xml:31:9-44
42        <activity
42-->src\main\AndroidManifest.xml:33:9-53:20
43            android:name="com.obdmap.launcher.ui.MainActivity"
43-->src\main\AndroidManifest.xml:34:13-44
44            android:exported="true"
44-->src\main\AndroidManifest.xml:35:13-36
45            android:keepScreenOn="true"
45-->src\main\AndroidManifest.xml:36:13-40
46            android:launchMode="singleTask"
46-->src\main\AndroidManifest.xml:37:13-44
47            android:screenOrientation="landscape"
47-->src\main\AndroidManifest.xml:38:13-50
48            android:stateNotNeeded="true" >
48-->src\main\AndroidManifest.xml:39:13-42
49
50            <!-- Lanzador estándar: aparece en el cajón de apps. -->
51            <intent-filter>
51-->src\main\AndroidManifest.xml:42:13-45:29
52                <action android:name="android.intent.action.MAIN" />
52-->src\main\AndroidManifest.xml:43:17-69
52-->src\main\AndroidManifest.xml:43:25-66
53
54                <category android:name="android.intent.category.LAUNCHER" />
54-->src\main\AndroidManifest.xml:44:17-77
54-->src\main\AndroidManifest.xml:44:27-74
55            </intent-filter>
56
57            <!-- Categoría HOME: permite seleccionar OBD-Map como launcher por defecto. -->
58            <intent-filter>
58-->src\main\AndroidManifest.xml:48:13-52:29
59                <action android:name="android.intent.action.MAIN" />
59-->src\main\AndroidManifest.xml:43:17-69
59-->src\main\AndroidManifest.xml:43:25-66
60
61                <category android:name="android.intent.category.HOME" />
61-->src\main\AndroidManifest.xml:50:17-73
61-->src\main\AndroidManifest.xml:50:27-70
62                <category android:name="android.intent.category.DEFAULT" />
62-->src\main\AndroidManifest.xml:51:17-76
62-->src\main\AndroidManifest.xml:51:27-73
63            </intent-filter>
64        </activity>
65    </application>
66
67</manifest>